22-08-2021 22:01:22.923 [main] INFO  com.demo.ELK.ElkApplication.logStarting - Starting ElkApplication using Java 13.0.1 on Vulcan with PID 18556 (D:\Git Projects\ELK Logs Monitoring\ELK\target\classes started by ApoorvTyagi in D:\Git Projects\ELK Logs Monitoring\ELK)
22-08-2021 22:01:22.927 [main] INFO  com.demo.ELK.ElkApplication.logStartupProfileInfo - No active profile set, falling back to default profiles: default
22-08-2021 22:01:25.233 [main] INFO  com.demo.ELK.ElkApplication.logStarted - Started ElkApplication in 2.868 seconds (JVM running for 11.729)
22-08-2021 22:02:50.498 [http-nio-8080-exec-3] INFO  c.demo.ELK.controller.ELKController.helloWorld - Inside Hello World Function
22-08-2021 22:02:50.501 [http-nio-8080-exec-3] INFO  c.demo.ELK.controller.ELKController.helloWorld - Response => Hello World! Sun Aug 22 22:02:50 IST 2021
22-08-2021 22:02:56.001 [http-nio-8080-exec-4] INFO  c.demo.ELK.controller.ELKController.foodDetails - Inside Food Detail Function
22-08-2021 22:02:56.002 [http-nio-8080-exec-4] INFO  com.demo.ELK.services.ELKService.getAllFoodDetails - Fetching ALL food details...
22-08-2021 22:06:53.971 [http-nio-8080-exec-10] INFO  c.demo.ELK.controller.ELKController.helloWorld - Inside Hello World Function
22-08-2021 22:06:53.972 [http-nio-8080-exec-10] INFO  c.demo.ELK.controller.ELKController.helloWorld - Response => Hello World! Sun Aug 22 22:06:53 IST 2021
22-08-2021 22:06:55.424 [http-nio-8080-exec-1] INFO  c.demo.ELK.controller.ELKController.foodDetails - Inside Food Detail Function
22-08-2021 22:06:55.425 [http-nio-8080-exec-1] INFO  com.demo.ELK.services.ELKService.getAllFoodDetails - Fetching ALL food details...
22-08-2021 22:37:54.599 [main] INFO  com.demo.ELK.ElkApplication.logStarting - Starting ElkApplication using Java 13.0.1 on Vulcan with PID 19788 (D:\Git Projects\ELK Logs Monitoring\ELK\target\classes started by ApoorvTyagi in D:\Git Projects\ELK Logs Monitoring\ELK)
22-08-2021 22:37:54.602 [main] INFO  com.demo.ELK.ElkApplication.logStartupProfileInfo - No active profile set, falling back to default profiles: default
22-08-2021 22:37:57.212 [main] INFO  com.demo.ELK.ElkApplication.logStarted - Started ElkApplication in 3.261 seconds (JVM running for 10.333)
22-08-2021 22:38:03.738 [http-nio-8080-exec-2] INFO  c.demo.ELK.controller.ELKController.foodDetails - Inside Food Detail Function
22-08-2021 22:38:03.741 [http-nio-8080-exec-2] INFO  com.demo.ELK.services.ELKService.getAllFoodDetails - Fetching ALL food details...
28-08-2021 20:31:11.103 [main] INFO  com.demo.ELK.ElkApplication.logStarting - Starting ElkApplication using Java 13.0.1 on Vulcan with PID 17332 (D:\Git Projects\ELK Logs Monitoring\ELK\target\classes started by ApoorvTyagi in D:\Git Projects\ELK Logs Monitoring\ELK)
28-08-2021 20:31:11.106 [main] INFO  com.demo.ELK.ElkApplication.logStartupProfileInfo - No active profile set, falling back to default profiles: default
28-08-2021 20:31:12.770 [main] INFO  com.demo.ELK.ElkApplication.logStarted - Started ElkApplication in 2.229 seconds (JVM running for 2.573)
28-08-2021 20:31:18.991 [http-nio-8080-exec-1] INFO  c.demo.ELK.controller.ELKController.foodDetails - Inside Food Detail Function
28-08-2021 20:31:18.993 [http-nio-8080-exec-1] INFO  com.demo.ELK.services.ELKService.getAllFoodDetails - Fetching ALL food details...
28-08-2021 20:31:18.998 [http-nio-8080-exec-1] ERROR com.demo.ELK.services.ELKService.getAllFoodDetails - Error occurred in reading JSON file
28-08-2021 20:33:16.244 [main] INFO  com.demo.ELK.ElkApplication.logStarting - Starting ElkApplication using Java 13.0.1 on Vulcan with PID 19592 (D:\Git Projects\ELK Logs Monitoring\ELK\target\classes started by ApoorvTyagi in D:\Git Projects\ELK Logs Monitoring\ELK)
28-08-2021 20:33:16.246 [main] INFO  com.demo.ELK.ElkApplication.logStartupProfileInfo - No active profile set, falling back to default profiles: default
28-08-2021 20:33:17.596 [main] INFO  com.demo.ELK.ElkApplication.logStarted - Started ElkApplication in 1.669 seconds (JVM running for 1.941)
28-08-2021 20:33:24.598 [http-nio-8080-exec-1] INFO  c.demo.ELK.controller.ELKController.foodDetails - Inside Food Detail Function
28-08-2021 20:33:24.600 [http-nio-8080-exec-1] INFO  com.demo.ELK.services.ELKService.getAllFoodDetails - Fetching ALL food details...
28-08-2021 20:34:29.997 [main] INFO  com.demo.ELK.ElkApplication.logStarting - Starting ElkApplication using Java 13.0.1 on Vulcan with PID 10512 (D:\Git Projects\ELK Logs Monitoring\ELK\target\classes started by ApoorvTyagi in D:\Git Projects\ELK Logs Monitoring\ELK)
28-08-2021 20:34:29.999 [main] INFO  com.demo.ELK.ElkApplication.logStartupProfileInfo - No active profile set, falling back to default profiles: default
28-08-2021 20:34:31.418 [main] INFO  com.demo.ELK.ElkApplication.logStarted - Started ElkApplication in 1.784 seconds (JVM running for 2.107)
28-08-2021 20:34:34.319 [http-nio-8080-exec-5] INFO  c.demo.ELK.controller.ELKController.foodDetails - Inside Food Detail Function
28-08-2021 20:34:34.320 [http-nio-8080-exec-5] INFO  com.demo.ELK.services.ELKService.getAllFoodDetails - Fetching ALL food details...
28-08-2021 20:36:29.351 [main] INFO  com.demo.ELK.ElkApplication.logStarting - Starting ElkApplication using Java 13.0.1 on Vulcan with PID 20776 (D:\Git Projects\ELK Logs Monitoring\ELK\target\classes started by ApoorvTyagi in D:\Git Projects\ELK Logs Monitoring\ELK)
28-08-2021 20:36:29.353 [main] INFO  com.demo.ELK.ElkApplication.logStartupProfileInfo - No active profile set, falling back to default profiles: default
28-08-2021 20:36:30.725 [main] INFO  com.demo.ELK.ElkApplication.logStarted - Started ElkApplication in 1.703 seconds (JVM running for 1.969)
28-08-2021 20:36:35.845 [http-nio-8080-exec-2] INFO  c.demo.ELK.controller.ELKController.foodDetails - Inside Food Detail Function
28-08-2021 20:36:35.847 [http-nio-8080-exec-2] INFO  com.demo.ELK.services.ELKService.getAllFoodDetails - Fetching ALL food details...
16-07-2022 19:53:11.529 [main] INFO  com.demo.ELK.ElkApplication.logStarting - Starting ElkApplication using Java 11.0.9 on CIEW15854 with PID 6308 (D:\code\JAVA\ELK\elasticsearchStarter\Spring-ELK\target\classes started by SOULEYSANOGO in D:\code\JAVA\ELK\elasticsearchStarter\Spring-ELK)
16-07-2022 19:53:11.604 [main] INFO  com.demo.ELK.ElkApplication.logStartupProfileInfo - No active profile set, falling back to default profiles: default
16-07-2022 19:53:17.024 [main] INFO  com.demo.ELK.ElkApplication.logStarted - Started ElkApplication in 10.372 seconds (JVM running for 11.589)
16-07-2022 19:59:29.463 [http-nio-8085-exec-5] INFO  c.demo.ELK.controller.ELKController.helloWorld - Inside Hello World Function
16-07-2022 19:59:29.466 [http-nio-8085-exec-5] INFO  c.demo.ELK.controller.ELKController.helloWorld - Response => Hello World! Sat Jul 16 19:59:29 GMT 2022
16-07-2022 20:12:41.508 [http-nio-8085-exec-8] INFO  c.demo.ELK.controller.ELKController.helloWorld - Inside Hello World Function
16-07-2022 20:12:41.509 [http-nio-8085-exec-8] INFO  c.demo.ELK.controller.ELKController.helloWorld - Response => Hello World! Sat Jul 16 20:12:41 GMT 2022
16-07-2022 20:12:41.634 [http-nio-8085-exec-9] INFO  c.demo.ELK.controller.ELKController.helloWorld - Inside Hello World Function
16-07-2022 20:12:41.635 [http-nio-8085-exec-9] INFO  c.demo.ELK.controller.ELKController.helloWorld - Response => Hello World! Sat Jul 16 20:12:41 GMT 2022
16-07-2022 20:22:09.947 [http-nio-8085-exec-2] INFO  c.demo.ELK.controller.ELKController.helloWorld - Inside Hello World Function
16-07-2022 20:22:09.948 [http-nio-8085-exec-2] INFO  c.demo.ELK.controller.ELKController.helloWorld - Response => Hello World! Sat Jul 16 20:22:09 GMT 2022
16-07-2022 20:22:10.910 [http-nio-8085-exec-3] INFO  c.demo.ELK.controller.ELKController.helloWorld - Inside Hello World Function
16-07-2022 20:22:10.910 [http-nio-8085-exec-3] INFO  c.demo.ELK.controller.ELKController.helloWorld - Response => Hello World! Sat Jul 16 20:22:10 GMT 2022
16-07-2022 20:22:11.180 [http-nio-8085-exec-4] INFO  c.demo.ELK.controller.ELKController.helloWorld - Inside Hello World Function
16-07-2022 20:22:11.181 [http-nio-8085-exec-4] INFO  c.demo.ELK.controller.ELKController.helloWorld - Response => Hello World! Sat Jul 16 20:22:11 GMT 2022
16-07-2022 20:22:11.945 [http-nio-8085-exec-5] INFO  c.demo.ELK.controller.ELKController.helloWorld - Inside Hello World Function
16-07-2022 20:22:11.948 [http-nio-8085-exec-5] INFO  c.demo.ELK.controller.ELKController.helloWorld - Response => Hello World! Sat Jul 16 20:22:11 GMT 2022
16-07-2022 20:22:12.312 [http-nio-8085-exec-6] INFO  c.demo.ELK.controller.ELKController.helloWorld - Inside Hello World Function
16-07-2022 20:22:12.313 [http-nio-8085-exec-6] INFO  c.demo.ELK.controller.ELKController.helloWorld - Response => Hello World! Sat Jul 16 20:22:12 GMT 2022
17-07-2022 11:06:12.415 [main] INFO  com.demo.ELK.ElkApplication.logStarting - Starting ElkApplication using Java 11.0.9 on CIEW15854 with PID 18084 (D:\code\JAVA\ELK\elasticsearchStarter\Spring-ELK\target\classes started by SOULEYSANOGO in D:\code\JAVA\ELK\elasticsearchStarter\Spring-ELK)
17-07-2022 11:06:12.418 [main] INFO  com.demo.ELK.ElkApplication.logStartupProfileInfo - No active profile set, falling back to default profiles: default
17-07-2022 11:06:18.178 [main] INFO  com.demo.ELK.ElkApplication.logStarted - Started ElkApplication in 6.968 seconds (JVM running for 8.148)
17-07-2022 11:11:01.711 [http-nio-8085-exec-1] INFO  c.demo.ELK.controller.ELKController.helloWorld - Inside Hello World Function
17-07-2022 11:11:01.718 [http-nio-8085-exec-1] INFO  c.demo.ELK.controller.ELKController.helloWorld - Response => Hello World! Sun Jul 17 11:11:01 GMT 2022
17-07-2022 11:33:03.791 [http-nio-8085-exec-3] INFO  c.demo.ELK.controller.ELKController.helloWorld - Inside Hello World Function
17-07-2022 11:33:03.792 [http-nio-8085-exec-3] INFO  c.demo.ELK.controller.ELKController.helloWorld - Response => Hello World! Sun Jul 17 11:33:03 GMT 2022
17-07-2022 11:39:13.666 [http-nio-8085-exec-4] INFO  c.demo.ELK.controller.ELKController.helloWorld - Inside Hello World Function
17-07-2022 11:39:13.667 [http-nio-8085-exec-4] INFO  c.demo.ELK.controller.ELKController.helloWorld - Response => Hello World! Sun Jul 17 11:39:13 GMT 2022
17-07-2022 12:46:56.634 [http-nio-8085-exec-1] INFO  c.demo.ELK.controller.ELKController.helloWorld - Inside Hello World Function
17-07-2022 12:46:56.636 [http-nio-8085-exec-1] INFO  c.demo.ELK.controller.ELKController.helloWorld - Response => Hello World! Sun Jul 17 12:46:56 GMT 2022
